This is MetaPost, version 1.999 (MiKTeX 2.9) (MiKTeX 2.9)  14 NOV 2015 17:00
**usecase.mp
(C:/Program Files (x86)/MiKTeX 2.9/metapost/base/mpost.mp
(C:/Program Files (x86)/MiKTeX 2.9/metapost/base/plain.mp
Preloading the plain mem file, version 1.004) )
! I can't open file `usecase.mp'.
<*> usecase.mp
              
Please type another input file name: x
! I can't open file `x'.
<*> usecase.mp
              
Please type another input file name: 
! I can't open file `x'.
<*> usecase.mp
              
Please type another input file name: 
! I can't open file `x'.
<*> usecase.mp
              
Please type another input file name: 
! I can't open file `x'.
<*> usecase.mp
              
Please type another input file name: 
! I can't open file `x'.
<*> usecase.mp
              
Please type another input file name: q
! I can't open file `q'.
<*> usecase.mp
              
Please type another input file name: q
! I can't open file `q'.
<*> usecase.mp
              
Please type another input file name: 
! Emergency stop.
<*> usecase.mp
              
End of file on the terminal!


